<?xml version="1.0" encoding="UTF-8"?>
<!-- Generated by org.testng.reporters.JUnitReportReporter -->
<testsuite hostname="DESKTOP-UABMAAA" failures="0" tests="1" name="Basic.OrganizationTest" time="19.336" errors="0" timestamp="2024-03-16T12:16:40 IST" skipped="0">
  <testcase classname="Basic.OrganizationTest" name="creteorganizationTest" time="19.336"/>
</testsuite> <!-- Basic.OrganizationTest -->
